<?xml version="1.0" encoding="UTF-8"?>
<testsuite xmlns:xsi="http://www.w3.org/2001/XMLSchema-instance" xsi:noNamespaceSchemaLocation="https://maven.apache.org/surefire/maven-surefire-plugin/xsd/surefire-test-report-3.0.xsd" version="3.0" name="runners.RunnerClass" time="376.199" tests="16" errors="0" skipped="0" failures="0">
  <properties>
[...]
</properties>
  <testcase name="adding job details" classname="Add current job details for employees" time="58.603">
    <system-out><![CDATA[
@regression @sprint2 @userStory7
Scenario: adding job details                              # src/test/resources/features/AddEmployeeJobDetails.feature:14
  When user enters admin username and password            # steps.LoginSteps.user_enters_admin_username_and_password()
  And user clicks on login button                         # steps.LoginSteps.user_clicks_on_login_button()
The user has logged in successfully
  Then user is successfully logged in                     # steps.LoginSteps.user_is_successfully_logged_in_the_application()
  When user clicks on PIM option and Employee list option # steps.EmployeeSearchSteps.user_clicks_on_pim_option_and_employee_list_option()
  Then user enters valid employee ID in textBox           # steps.AddEmployeeJobDetailsSteps.user_enters_valid_employee_id_in_text_box()
  And user clicks on search button                        # steps.EmployeeSearchSteps.user_clicks_on_search_button()
Employee is displayed
  Then user is able to see employee information           # steps.EmployeeSearchSteps.user_is_able_to_see_employee_information()
  When user clicks on employee information table          # steps.AddEmployeeJobDetailsSteps.user_clicks_on_employee_information_table()
  And user clicks on job button and edit button           # steps.AddEmployeeJobDetailsSteps.user_clicks_on_job_button_and_edit_button()
  Then user select the job title                          # steps.AddEmployeeJobDetailsSteps.user_select_the_job_title()
  And user select the employment status                   # steps.AddEmployeeJobDetailsSteps.user_select_the_employment_status()
  And user select the joined date                         # steps.AddEmployeeJobDetailsSteps.user_select_the_joined_date()
  And user select the sub unit                            # steps.AddEmployeeJobDetailsSteps.user_select_the_sub_unit()
  And user select the location                            # steps.AddEmployeeJobDetailsSteps.user_select_the_location()
  And user select start date of a employment contract     # steps.AddEmployeeJobDetailsSteps.user_select_start_date_of_a_employment_contract()
  And user select end date of a employment contract       # steps.AddEmployeeJobDetailsSteps.user_select_end_date_of_a_employment_contract()
  And user add contract details                           # steps.AddEmployeeJobDetailsSteps.user_add_contract_details()
  Then user is able to see the employee information       # steps.AddEmployeeJobDetailsSteps.user_is_able_to_see_the_employee_information()
  And user clicks on save button                          # steps.AddEmployeeJobDetailsSteps.user_clicks_on_save_button()
  Then job details added successfully                     # steps.AddEmployeeJobDetailsSteps.job_details_added_successfully()

    Embedding adding job details [image/png 83394 bytes]

]]></system-out>
    <system-err><![CDATA[SLF4J: Failed to load class "org.slf4j.impl.StaticLoggerBinder".
SLF4J: Defaulting to no-operation (NOP) logger implementation
SLF4J: See http://www.slf4j.org/codes.html#StaticLoggerBinder for further details.
ERROR StatusLogger Log4j2 could not find a logging implementation. Please add log4j-core to the classpath. Using SimpleLogger to log to the console...
Starting ChromeDriver 114.0.5735.90 (386bc09e8f4f2e025eddae123f36f6263096ae49-refs/branch-heads/5735@{#1052}) on port 23792
Only local connections are allowed.
Please see https://chromedriver.chromium.org/security-considerations for suggestions on keeping ChromeDriver safe.
ChromeDriver was started successfully.
Jul 17, 2023 9:07:13 PM org.openqa.selenium.devtools.CdpVersionFinder findNearestMatch
WARNING: Unable to find an exact match for CDP version 114, so returning the closest version found: 111
log4j:WARN Continuable parsing error 3 and column 84
log4j:WARN Attribute "xmlns:log4j" with value "https://jakarta.apache.org/log4j/" must have a value of "http://jakarta.apache.org/log4j/".
log4j:WARN Continuable parsing error 3 and column 84
log4j:WARN Attribute "xmlns:log4j" with value "https://jakarta.apache.org/log4j/" must have a value of "http://jakarta.apache.org/log4j/".
Jul 17, 2023 9:08:02 PM org.openqa.selenium.os.OsProcess destroy
SEVERE: Unable to kill process Process[pid=14508, exitValue=1]
]]></system-err>
  </testcase>
  <testcase name="AdminAddLanguage" classname="AdminShouldAddLanguage" time="22.766">
    <system-out><![CDATA[
@sprint2 @qualification @language @regression
Scenario: AdminAddLanguage                                   # src/test/resources/features/AddLanguage.feature:5
  When user enters admin username and password               # steps.LoginSteps.user_enters_admin_username_and_password()
  When user clicks on login button                           # steps.LoginSteps.user_clicks_on_login_button()
  When user navigates to Qualification and selects Languages # steps.AdminAddLanguageSteps.user_navigates_to_qualification_and_selects_languages()
  Then user can add any language                             # steps.AdminAddLanguageSteps.user_can_add_any_language()

    Embedding AdminAddLanguage [image/png 73753 bytes]

]]></system-out>
    <system-err><![CDATA[Starting ChromeDriver 114.0.5735.90 (386bc09e8f4f2e025eddae123f36f6263096ae49-refs/branch-heads/5735@{#1052}) on port 16603
Only local connections are allowed.
Please see https://chromedriver.chromium.org/security-considerations for suggestions on keeping ChromeDriver safe.
ChromeDriver was started successfully.
Jul 17, 2023 9:08:06 PM org.openqa.selenium.devtools.CdpVersionFinder findNearestMatch
WARNING: Unable to find an exact match for CDP version 114, so returning the closest version found: 111
log4j:WARN Continuable parsing error 3 and column 84
log4j:WARN Attribute "xmlns:log4j" with value "https://jakarta.apache.org/log4j/" must have a value of "http://jakarta.apache.org/log4j/".
log4j:WARN Continuable parsing error 3 and column 84
log4j:WARN Attribute "xmlns:log4j" with value "https://jakarta.apache.org/log4j/" must have a value of "http://jakarta.apache.org/log4j/".
]]></system-err>
  </testcase>
  <testcase name="admin user should be able to add membership" classname="Add Membership" time="27.051">
    <system-out><![CDATA[
@Veranda @sprint2
Scenario Outline: admin user should be able to add membership # src/test/resources/features/AddMembership.feature:15
  Given user is logged in with admin credentials              # steps.AddMembershipSteps.user_is_logged_in_with_admin_credentials()
  When admin user navigates to Qualifications                 # steps.AddMembershipSteps.adminUserNavigatesToQualifications()
  And admin user selects Membership                           # steps.AddMembershipSteps.admin_user_selects_membership()
  And admin user adding new "Intellij"                        # steps.AddMembershipSteps.admin_user_adding_new(java.lang.String)
  Then verify new membership is created                       # steps.AddMembershipSteps.verify_new_membership_is_created()

    Embedding admin user should be able to add membership [image/png 71667 bytes]

]]></system-out>
    <system-err><![CDATA[Starting ChromeDriver 114.0.5735.90 (386bc09e8f4f2e025eddae123f36f6263096ae49-refs/branch-heads/5735@{#1052}) on port 22054
Only local connections are allowed.
Please see https://chromedriver.chromium.org/security-considerations for suggestions on keeping ChromeDriver safe.
ChromeDriver was started successfully.
Jul 17, 2023 9:08:28 PM org.openqa.selenium.devtools.CdpVersionFinder findNearestMatch
WARNING: Unable to find an exact match for CDP version 114, so returning the closest version found: 111
log4j:WARN Continuable parsing error 3 and column 84
log4j:WARN Attribute "xmlns:log4j" with value "https://jakarta.apache.org/log4j/" must have a value of "http://jakarta.apache.org/log4j/".
]]></system-err>
  </testcase>
  <testcase name="Adding an employee" classname="Adding an employee to the HRMS application" time="22.264">
    <system-out><![CDATA[
@Regression @Smoke @Ana @sprint2
Scenario: Adding an employee                   # src/test/resources/features/AddingEmployee.feature:11
  When user enters admin username and password # steps.LoginSteps.user_enters_admin_username_and_password()
  And user clicks on login button              # steps.LoginSteps.user_clicks_on_login_button()
The user has logged in successfully
  Then user is successfully logged in          # steps.LoginSteps.user_is_successfully_logged_in_the_application()
  When user clicks on PIM option               # steps.AddEmployeeSteps.user_clicks_on_pim_option()
  And user clicks on add employee button       # steps.AddEmployeeSteps.user_clicks_on_add_employee_button()
  When user enters first name and last name    # steps.AddEmployeeSteps.user_enters_first_name_and_last_name()
  And user clicks on save button               # steps.AddEmployeeJobDetailsSteps.user_clicks_on_save_button()
Employee added successfully
  Then employee added successfully             # steps.AddEmployeeSteps.employee_added_successfully()

    Embedding Adding an employee [image/png 86389 bytes]

]]></system-out>
    <system-err><![CDATA[Starting ChromeDriver 114.0.5735.90 (386bc09e8f4f2e025eddae123f36f6263096ae49-refs/branch-heads/5735@{#1052}) on port 16448
Only local connections are allowed.
Please see https://chromedriver.chromium.org/security-considerations for suggestions on keeping ChromeDriver safe.
ChromeDriver was started successfully.
Jul 17, 2023 9:08:55 PM org.openqa.selenium.devtools.CdpVersionFinder findNearestMatch
WARNING: Unable to find an exact match for CDP version 114, so returning the closest version found: 111
log4j:WARN Continuable parsing error 3 and column 84
log4j:WARN Attribute "xmlns:log4j" with value "https://jakarta.apache.org/log4j/" must have a value of "http://jakarta.apache.org/log4j/".
]]></system-err>
  </testcase>
  <testcase name="Adding an employee with employee ID" classname="Adding an employee to the HRMS application" time="20.328">
    <system-out><![CDATA[
@Regression @Smoke @Ana @sprint2
Scenario: Adding an employee with employee ID  # src/test/resources/features/AddingEmployee.feature:17
  When user enters admin username and password # steps.LoginSteps.user_enters_admin_username_and_password()
  And user clicks on login button              # steps.LoginSteps.user_clicks_on_login_button()
The user has logged in successfully
  Then user is successfully logged in          # steps.LoginSteps.user_is_successfully_logged_in_the_application()
  When user clicks on PIM option               # steps.AddEmployeeSteps.user_clicks_on_pim_option()
  And user clicks on add employee button       # steps.AddEmployeeSteps.user_clicks_on_add_employee_button()
  When user enters first name and last name    # steps.AddEmployeeSteps.user_enters_first_name_and_last_name()
  When user enters unique employee ID          # steps.AddEmployeeSteps.user_enters_unique_employee_id()
  And user clicks on save button               # steps.AddEmployeeJobDetailsSteps.user_clicks_on_save_button()
Employee added successfully
  Then employee added successfully             # steps.AddEmployeeSteps.employee_added_successfully()

    Embedding Adding an employee with employee ID [image/png 69953 bytes]

]]></system-out>
    <system-err><![CDATA[Starting ChromeDriver 114.0.5735.90 (386bc09e8f4f2e025eddae123f36f6263096ae49-refs/branch-heads/5735@{#1052}) on port 4984
Only local connections are allowed.
Please see https://chromedriver.chromium.org/security-considerations for suggestions on keeping ChromeDriver safe.
ChromeDriver was started successfully.
Jul 17, 2023 9:09:17 PM org.openqa.selenium.devtools.CdpVersionFinder findNearestMatch
WARNING: Unable to find an exact match for CDP version 114, so returning the closest version found: 111
log4j:WARN Continuable parsing error 3 and column 84
log4j:WARN Attribute "xmlns:log4j" with value "https://jakarta.apache.org/log4j/" must have a value of "http://jakarta.apache.org/log4j/".
]]></system-err>
  </testcase>
  <testcase name="Appropriate error messages" classname="Adding an employee to the HRMS application" time="20.649">
    <system-out><![CDATA[
@Regression @ErrorMessage @Ana @sprint2
Scenario: Appropriate error messages                                            # src/test/resources/features/AddingEmployee.feature:24
  When user enters admin username and password                                  # steps.LoginSteps.user_enters_admin_username_and_password()
  And user clicks on login button                                               # steps.LoginSteps.user_clicks_on_login_button()
The user has logged in successfully
  Then user is successfully logged in                                           # steps.LoginSteps.user_is_successfully_logged_in_the_application()
  When user clicks on PIM option                                                # steps.AddEmployeeSteps.user_clicks_on_pim_option()
  And user clicks on add employee button                                        # steps.AddEmployeeSteps.user_clicks_on_add_employee_button()
  When user clicks on save button                                               # steps.AddEmployeeJobDetailsSteps.user_clicks_on_save_button()
  When the user submits incomplete or invalid employee info                     # steps.AddEmployeeSteps.the_user_submits_incomplete_or_invalid_employee_info()
  Then display clear and visible error message near the respective input fields # steps.AddEmployeeSteps.display_clear_and_visible_error_message_near_the_respective_input_fields()

    Embedding Appropriate error messages [image/png 55482 bytes]

]]></system-out>
    <system-err><![CDATA[Starting ChromeDriver 114.0.5735.90 (386bc09e8f4f2e025eddae123f36f6263096ae49-refs/branch-heads/5735@{#1052}) on port 49052
Only local connections are allowed.
Please see https://chromedriver.chromium.org/security-considerations for suggestions on keeping ChromeDriver safe.
ChromeDriver was started successfully.
Jul 17, 2023 9:09:38 PM org.openqa.selenium.devtools.CdpVersionFinder findNearestMatch
WARNING: Unable to find an exact match for CDP version 114, so returning the closest version found: 111
log4j:WARN Continuable parsing error 3 and column 84
log4j:WARN Attribute "xmlns:log4j" with value "https://jakarta.apache.org/log4j/" must have a value of "http://jakarta.apache.org/log4j/".
]]></system-err>
  </testcase>
  <testcase name="user to be able to change contact details" classname="ContactDetailsChanging" time="26.718">
    <system-out><![CDATA[
@sprint2 @contact
Scenario: user to be able to change contact details            # src/test/resources/features/EmployeeInfo.feature:6
  When User Enters a Username                                  # steps.ContactDetailsChanging.User_Enters_a_Username()
  When User Enters a Password                                  # steps.ContactDetailsChanging.User_Enters_a_Password()
  And user clicks on login button                              # steps.LoginSteps.user_clicks_on_login_button()
  When User clicks on PIM                                      # steps.ContactDetailsChanging.User_clicks_on_PIM()
  When User Click on Contact Details                           # steps.ContactDetailsChanging.User_Click_on_Contact_Details()
  When User Clicks on Edit Button                              # steps.ContactDetailsChanging.User_Clicks_on_Edit_Button()
  When User Enters a Mobile Phone and Work Email               # steps.ContactDetailsChanging.User_Enters_a_Mobile_Phone_and_Work_Email()
  Then User Is able to Change His Contact Details And  Save it # steps.ContactDetailsChanging.User_Is_able_to_Change_His_Contact_Details_And_Save_it()

    Embedding user to be able to change contact details [image/png 148604 bytes]

]]></system-out>
    <system-err><![CDATA[Starting ChromeDriver 114.0.5735.90 (386bc09e8f4f2e025eddae123f36f6263096ae49-refs/branch-heads/5735@{#1052}) on port 34144
Only local connections are allowed.
Please see https://chromedriver.chromium.org/security-considerations for suggestions on keeping ChromeDriver safe.
ChromeDriver was started successfully.
Jul 17, 2023 9:09:58 PM org.openqa.selenium.devtools.CdpVersionFinder findNearestMatch
WARNING: Unable to find an exact match for CDP version 114, so returning the closest version found: 111
]]></system-err>
  </testcase>
  <testcase name="Search employee by name" classname="Search an employee" time="33.085">
    <system-out><![CDATA[
@smoke @background @sprint2
Scenario: Search employee by name                         # src/test/resources/features/EmployeeSearch.feature:11
  When user enters admin username and password            # steps.LoginSteps.user_enters_admin_username_and_password()
  And user clicks on login button                         # steps.LoginSteps.user_clicks_on_login_button()
The user has logged in successfully
  Then user is successfully logged in                     # steps.LoginSteps.user_is_successfully_logged_in_the_application()
  When user clicks on PIM option and Employee list option # steps.EmployeeSearchSteps.user_clicks_on_pim_option_and_employee_list_option()
[Kiran Prayas, Shyam ms, Kiran Prayas, Sayed Mansoor, Selab ms, Selab ms, sana caty, sana caty, sophia banana, sana, sana caty, Asli D, Asli D, Asli D, Asli D, Asli D, Asli D, Asli D, Asli D, Asli D, Asli D, Asli D, Asli D, Asli D, Asli D, Asli D, Asli D, Asli D, Asli D, Asli D, Asli D, Asli D, Asli D, Asli D, Azim Arman, Zhuldyz Azim, Zhuldyz Azim, Zhuldyz Azim, Zhuldyz Azim, Zhuldyz Azim, Zhuldyz Azim, Zhuldyz Azim, Zhuldyz Azim, Zhuldyz Azim, Zhuldyz Azim, Zhuldyz Azim, Zhuldyz Azim, Zhuldyz Azim, Zhuldyz Azim, Zhuldyz Azim]
Selecting a random element from the list : Zhuldyz Azim
Zhuldyz Azim
  And user enters valid employee name in name text box    # steps.EmployeeSearchSteps.user_enters_valid_employee_name_in_name_text_box()
  And user clicks on search button                        # steps.EmployeeSearchSteps.user_clicks_on_search_button()
Employee is displayed
  Then user is able to see employee information           # steps.EmployeeSearchSteps.user_is_able_to_see_employee_information()

    Embedding Search employee by name [image/png 82976 bytes]

]]></system-out>
    <system-err><![CDATA[Starting ChromeDriver 114.0.5735.90 (386bc09e8f4f2e025eddae123f36f6263096ae49-refs/branch-heads/5735@{#1052}) on port 45326
Only local connections are allowed.
Please see https://chromedriver.chromium.org/security-considerations for suggestions on keeping ChromeDriver safe.
ChromeDriver was started successfully.
Jul 17, 2023 9:10:25 PM org.openqa.selenium.devtools.CdpVersionFinder findNearestMatch
WARNING: Unable to find an exact match for CDP version 114, so returning the closest version found: 111
log4j:WARN Continuable parsing error 3 and column 84
log4j:WARN Attribute "xmlns:log4j" with value "https://jakarta.apache.org/log4j/" must have a value of "http://jakarta.apache.org/log4j/".
log4j:WARN Continuable parsing error 3 and column 84
log4j:WARN Attribute "xmlns:log4j" with value "https://jakarta.apache.org/log4j/" must have a value of "http://jakarta.apache.org/log4j/".
]]></system-err>
  </testcase>
  <testcase name="Search employee by id" classname="Search an employee" time="27.565">
    <system-out><![CDATA[
@sprint2 @background @sprint2
Scenario: Search employee by id                           # src/test/resources/features/EmployeeSearch.feature:17
  When user enters admin username and password            # steps.LoginSteps.user_enters_admin_username_and_password()
  And user clicks on login button                         # steps.LoginSteps.user_clicks_on_login_button()
The user has logged in successfully
  Then user is successfully logged in                     # steps.LoginSteps.user_is_successfully_logged_in_the_application()
  When user clicks on PIM option and Employee list option # steps.EmployeeSearchSteps.user_clicks_on_pim_option_and_employee_list_option()
[86628A, 56549802, 76528765, 63248134, 86627A, 86629A, 51797739, 68373291, 78389081, 13669532, 66498583, 53161A, 53320A, 53449A, 53551A, 53664A, 53765A, 53851A, 53864A, 53976A, 54870A, 54997A, 55315A, 55386A, 55430A, 55541A, 56798A, 57280A, 57283A, 57285A, 58089A, 58090A, 58094A, 58098A, 53233A, 67379A, 67380A, 69654A, 69675A, 69677A, 72434A, 72443A, 72444A, 72447A, 72452A, 72454A, 72455A, 72621A, 73101A, 73234A]
Selecting a random element from the list : 53664A
53664A
  And user enters valid employee id                       # steps.EmployeeSearchSteps.user_enters_valid_employee_id()
  And user clicks on search button                        # steps.EmployeeSearchSteps.user_clicks_on_search_button()
Employee is displayed
  Then user is able to see employee information           # steps.EmployeeSearchSteps.user_is_able_to_see_employee_information()

    Embedding Search employee by id [image/png 82370 bytes]

]]></system-out>
    <system-err><![CDATA[Starting ChromeDriver 114.0.5735.90 (386bc09e8f4f2e025eddae123f36f6263096ae49-refs/branch-heads/5735@{#1052}) on port 5102
Only local connections are allowed.
Please see https://chromedriver.chromium.org/security-considerations for suggestions on keeping ChromeDriver safe.
ChromeDriver was started successfully.
Jul 17, 2023 9:10:58 PM org.openqa.selenium.devtools.CdpVersionFinder findNearestMatch
WARNING: Unable to find an exact match for CDP version 114, so returning the closest version found: 111
log4j:WARN Continuable parsing error 3 and column 84
log4j:WARN Attribute "xmlns:log4j" with value "https://jakarta.apache.org/log4j/" must have a value of "http://jakarta.apache.org/log4j/".
log4j:WARN Continuable parsing error 3 and column 84
log4j:WARN Attribute "xmlns:log4j" with value "https://jakarta.apache.org/log4j/" must have a value of "http://jakarta.apache.org/log4j/".
]]></system-err>
  </testcase>
  <testcase name="No records found" classname="Search an employee" time="29.216">
    <system-out><![CDATA[
@negative @background @sprint2
Scenario: No records found                                # src/test/resources/features/EmployeeSearch.feature:23
  When user enters admin username and password            # steps.LoginSteps.user_enters_admin_username_and_password()
  And user clicks on login button                         # steps.LoginSteps.user_clicks_on_login_button()
The user has logged in successfully
  Then user is successfully logged in                     # steps.LoginSteps.user_is_successfully_logged_in_the_application()
  When user clicks on PIM option and Employee list option # steps.EmployeeSearchSteps.user_clicks_on_pim_option_and_employee_list_option()
[86628A, 56549802, 76528765, 63248134, 86627A, 86629A, 51797739, 68373291, 78389081, 13669532, 66498583, 53161A, 53320A, 53449A, 53551A, 53664A, 53765A, 53851A, 53864A, 53976A, 54870A, 54997A, 55315A, 55386A, 55430A, 55541A, 56798A, 57280A, 57283A, 57285A, 58089A, 58090A, 58094A, 58098A, 53233A, 67379A, 67380A, 69654A, 69675A, 69677A, 72434A, 72443A, 72444A, 72447A, 72452A, 72454A, 72455A, 72621A, 73101A, 73234A]
Selecting a random element from the list : 72444A
72444A
  And user enters invalid employee id in idtext box       # steps.EmployeeSearchSteps.user_enters_invalid_employee_id_in_idtext_box()
  And user clicks on search button                        # steps.EmployeeSearchSteps.user_clicks_on_search_button()
No Records Found
  Then user is going to see no records found message      # steps.EmployeeSearchSteps.user_is_going_to_see_no_records_found_message()

    Embedding No records found [image/png 82557 bytes]

]]></system-out>
    <system-err><![CDATA[Starting ChromeDriver 114.0.5735.90 (386bc09e8f4f2e025eddae123f36f6263096ae49-refs/branch-heads/5735@{#1052}) on port 14922
Only local connections are allowed.
Please see https://chromedriver.chromium.org/security-considerations for suggestions on keeping ChromeDriver safe.
ChromeDriver was started successfully.
Jul 17, 2023 9:11:26 PM org.openqa.selenium.devtools.CdpVersionFinder findNearestMatch
WARNING: Unable to find an exact match for CDP version 114, so returning the closest version found: 111
log4j:WARN Continuable parsing error 3 and column 84
log4j:WARN Attribute "xmlns:log4j" with value "https://jakarta.apache.org/log4j/" must have a value of "http://jakarta.apache.org/log4j/".
log4j:WARN Continuable parsing error 3 and column 84
log4j:WARN Attribute "xmlns:log4j" with value "https://jakarta.apache.org/log4j/" must have a value of "http://jakarta.apache.org/log4j/".
]]></system-err>
  </testcase>
  <testcase name="Admin login" classname="Login scenario" time="7.159">
    <system-out><![CDATA[
@login @sprint2
Scenario: Admin login                          # src/test/resources/features/Login.feature:5
  When user enters admin username and password # steps.LoginSteps.user_enters_admin_username_and_password()
  And user clicks on login button              # steps.LoginSteps.user_clicks_on_login_button()
The user has logged in successfully
  Then user is successfully logged in          # steps.LoginSteps.user_is_successfully_logged_in_the_application()

    Embedding Admin login [image/png 67540 bytes]

]]></system-out>
    <system-err><![CDATA[Starting ChromeDriver 114.0.5735.90 (386bc09e8f4f2e025eddae123f36f6263096ae49-refs/branch-heads/5735@{#1052}) on port 20098
Only local connections are allowed.
Please see https://chromedriver.chromium.org/security-considerations for suggestions on keeping ChromeDriver safe.
ChromeDriver was started successfully.
Jul 17, 2023 9:11:55 PM org.openqa.selenium.devtools.CdpVersionFinder findNearestMatch
WARNING: Unable to find an exact match for CDP version 114, so returning the closest version found: 111
log4j:WARN Continuable parsing error 3 and column 84
log4j:WARN Attribute "xmlns:log4j" with value "https://jakarta.apache.org/log4j/" must have a value of "http://jakarta.apache.org/log4j/".
]]></system-err>
  </testcase>
  <testcase name="Invalid user login #1" classname="Login scenario" time="5.745">
    <system-out><![CDATA[
@negative @sprint2
Scenario Outline: Invalid user login                                                               # src/test/resources/features/Login.feature:15
  When user enters "user" and "12345" and verifying the "Invalid credentials" for the combinations # steps.LoginSteps.user_enters_and_and_verifying_the_for_the_combinations(java.lang.String,java.lang.String,java.lang.String)

    Embedding Invalid user login [image/png 95249 bytes]

]]></system-out>
    <system-err><![CDATA[Starting ChromeDriver 114.0.5735.90 (386bc09e8f4f2e025eddae123f36f6263096ae49-refs/branch-heads/5735@{#1052}) on port 33608
Only local connections are allowed.
Please see https://chromedriver.chromium.org/security-considerations for suggestions on keeping ChromeDriver safe.
ChromeDriver was started successfully.
Jul 17, 2023 9:12:03 PM org.openqa.selenium.devtools.CdpVersionFinder findNearestMatch
WARNING: Unable to find an exact match for CDP version 114, so returning the closest version found: 111
]]></system-err>
  </testcase>
  <testcase name="Invalid user login #2" classname="Login scenario" time="5.842">
    <system-out><![CDATA[
@negative @sprint2
Scenario Outline: Invalid user login                                                                        # src/test/resources/features/Login.feature:16
  When user enters "employee" and "Hum@nhrm13" and verifying the "Invalid credentials" for the combinations # steps.LoginSteps.user_enters_and_and_verifying_the_for_the_combinations(java.lang.String,java.lang.String,java.lang.String)

    Embedding Invalid user login [image/png 95249 bytes]

]]></system-out>
    <system-err><![CDATA[Starting ChromeDriver 114.0.5735.90 (386bc09e8f4f2e025eddae123f36f6263096ae49-refs/branch-heads/5735@{#1052}) on port 35526
Only local connections are allowed.
Please see https://chromedriver.chromium.org/security-considerations for suggestions on keeping ChromeDriver safe.
ChromeDriver was started successfully.
Jul 17, 2023 9:12:09 PM org.openqa.selenium.devtools.CdpVersionFinder findNearestMatch
WARNING: Unable to find an exact match for CDP version 114, so returning the closest version found: 111
]]></system-err>
  </testcase>
  <testcase name="Invalid user login #3" classname="Login scenario" time="11.0">
    <system-out><![CDATA[
@negative @sprint2
Scenario Outline: Invalid user login                                                                   # src/test/resources/features/Login.feature:17
  When user enters "" and "Hum@n333" and verifying the "Username cannot be empty" for the combinations # steps.LoginSteps.user_enters_and_and_verifying_the_for_the_combinations(java.lang.String,java.lang.String,java.lang.String)

    Embedding Invalid user login [image/png 115840 bytes]

]]></system-out>
    <system-err><![CDATA[Starting ChromeDriver 114.0.5735.90 (386bc09e8f4f2e025eddae123f36f6263096ae49-refs/branch-heads/5735@{#1052}) on port 43126
Only local connections are allowed.
Please see https://chromedriver.chromium.org/security-considerations for suggestions on keeping ChromeDriver safe.
ChromeDriver was started successfully.
Jul 17, 2023 9:12:15 PM org.openqa.selenium.devtools.CdpVersionFinder findNearestMatch
WARNING: Unable to find an exact match for CDP version 114, so returning the closest version found: 111
]]></system-err>
  </testcase>
  <testcase name="Invalid user login #4" classname="Login scenario" time="10.058">
    <system-out><![CDATA[
@negative @sprint2
Scenario Outline: Invalid user login                                                               # src/test/resources/features/Login.feature:18
  When user enters "user" and "" and verifying the "Password cannot be empty" for the combinations # steps.LoginSteps.user_enters_and_and_verifying_the_for_the_combinations(java.lang.String,java.lang.String,java.lang.String)

    Embedding Invalid user login [image/png 115247 bytes]

]]></system-out>
    <system-err><![CDATA[Starting ChromeDriver 114.0.5735.90 (386bc09e8f4f2e025eddae123f36f6263096ae49-refs/branch-heads/5735@{#1052}) on port 30365
Only local connections are allowed.
Please see https://chromedriver.chromium.org/security-considerations for suggestions on keeping ChromeDriver safe.
ChromeDriver was started successfully.
Jul 17, 2023 9:12:26 PM org.openqa.selenium.devtools.CdpVersionFinder findNearestMatch
WARNING: Unable to find an exact match for CDP version 114, so returning the closest version found: 111
]]></system-err>
  </testcase>
  <testcase name="As an admin user, I want to have the ability to terminate the employment of specified employees in the system using employee id" classname="Employee termination" time="44.948">
    <system-out><![CDATA[
@deleteEmployee @sprint2
Scenario: As an admin user, I want to have the ability to terminate the employment of specified employees in the system using employee id # src/test/resources/features/TerminateEmployees.feature:3
  When user enters admin username and password                                                                                            # steps.LoginSteps.user_enters_admin_username_and_password()
  And user clicks on login button                                                                                                         # steps.LoginSteps.user_clicks_on_login_button()
The user has logged in successfully
  Then user is successfully logged in                                                                                                     # steps.LoginSteps.user_is_successfully_logged_in_the_application()
  When user accesses the list of employees in the system                                                                                  # steps.TerminateEmployees.user_accesses_the_list_of_employees_in_the_system()
  And select a specified employee from the list                                                                                           # steps.TerminateEmployees.select_a_specified_employee_from_the_list()
  And navigate to the employee's job page                                                                                                 # steps.TerminateEmployees.navigate_to_the_employee_s_job_page()
  And select the option to terminate the employment of the specified employee                                                             # steps.TerminateEmployees.select_the_option_to_terminate_the_employment_of_the_specified_employee()
  Then specified employee is terminated                                                                                                   # steps.TerminateEmployees.specified_employee_is_terminated()

    Embedding As an admin user, I want to have the ability to terminate the employment of specified employees in the system using employee id [image/png 86295 bytes]

]]></system-out>
    <system-err><![CDATA[Starting ChromeDriver 114.0.5735.90 (386bc09e8f4f2e025eddae123f36f6263096ae49-refs/branch-heads/5735@{#1052}) on port 14733
Only local connections are allowed.
Please see https://chromedriver.chromium.org/security-considerations for suggestions on keeping ChromeDriver safe.
ChromeDriver was started successfully.
Jul 17, 2023 9:12:35 PM org.openqa.selenium.devtools.CdpVersionFinder findNearestMatch
WARNING: Unable to find an exact match for CDP version 114, so returning the closest version found: 111
log4j:WARN Continuable parsing error 3 and column 84
log4j:WARN Attribute "xmlns:log4j" with value "https://jakarta.apache.org/log4j/" must have a value of "http://jakarta.apache.org/log4j/".
]]></system-err>
  </testcase>
</testsuite>