<?xml version="1.0" encoding="UTF-8"?>
<testsuite xmlns:xsi="http://www.w3.org/2001/XMLSchema-instance" xsi:noNamespaceSchemaLocation="https://maven.apache.org/surefire/maven-surefire-plugin/xsd/surefire-test-report-3.0.xsd" version="3.0" name="runners.RunnerClass" time="39.203" tests="1" errors="0" skipped="0" failures="0">
  <properties>
[...]
</properties>
  <testcase name="adding job details" classname="Add current job details for employees" time="38.632">
    <system-out><![CDATA[
@regression @sprint2 @userStory7
Scenario: adding job details                              # src/test/resources/features/AddEmployeeJobDetails.feature:14
  When user enters admin username and password            # steps.LoginSteps.user_enters_admin_username_and_password()
  And user clicks on login button                         # steps.LoginSteps.user_clicks_on_login_button()
The user has logged in successfully
  Then user is successfully logged in                     # steps.LoginSteps.user_is_successfully_logged_in_the_application()
  When user clicks on PIM option and Employee list option # steps.AddEmployeeJobDetailsSteps.user_clicks_on_pim_option_and_employee_list_option()
  Then user enters valid employee ID in textBox           # steps.AddEmployeeJobDetailsSteps.user_enters_valid_employee_id_in_text_box()
  And user clicks on search button                        # steps.AddEmployeeJobDetailsSteps.user_clicks_on_search_button()
  Then user is able to see employee information           # steps.AddEmployeeJobDetailsSteps.user_is_able_to_see_employee_information()
  When user clicks on employee information table          # steps.AddEmployeeJobDetailsSteps.user_clicks_on_employee_information_table()
  And user clicks on job button and edit button           # steps.AddEmployeeJobDetailsSteps.user_clicks_on_job_button_and_edit_button()
  Then user select the job title                          # steps.AddEmployeeJobDetailsSteps.user_select_the_job_title()
  And user select the employment status                   # steps.AddEmployeeJobDetailsSteps.user_select_the_employment_status()
  And user select the joined date                         # steps.AddEmployeeJobDetailsSteps.user_select_the_joined_date()
  And user select the sub unit                            # steps.AddEmployeeJobDetailsSteps.user_select_the_sub_unit()
  And user select the location                            # steps.AddEmployeeJobDetailsSteps.user_select_the_location()
  And user select start date of a employment contract     # steps.AddEmployeeJobDetailsSteps.user_select_start_date_of_a_employment_contract()
  And user select end date of a employment contract       # steps.AddEmployeeJobDetailsSteps.user_select_end_date_of_a_employment_contract()
  And user add contract details                           # steps.AddEmployeeJobDetailsSteps.user_add_contract_details()
  Then user is able to see the employee information       # steps.AddEmployeeJobDetailsSteps.user_is_able_to_see_the_employee_information()
  And user clicks on save button                          # steps.AddEmployeeJobDetailsSteps.user_clicks_on_save_button()
  Then job details added successfully                     # steps.AddEmployeeJobDetailsSteps.job_details_added_successfully()

    Embedding adding job details [image/png 106672 bytes]

]]></system-out>
    <system-err><![CDATA[SLF4J: Failed to load class "org.slf4j.impl.StaticLoggerBinder".
SLF4J: Defaulting to no-operation (NOP) logger implementation
SLF4J: See http://www.slf4j.org/codes.html#StaticLoggerBinder for further details.
ERROR StatusLogger Log4j2 could not find a logging implementation. Please add log4j-core to the classpath. Using SimpleLogger to log to the console...
Starting ChromeDriver 114.0.5735.90 (386bc09e8f4f2e025eddae123f36f6263096ae49-refs/branch-heads/5735@{#1052}) on port 15245
Only local connections are allowed.
Please see https://chromedriver.chromium.org/security-considerations for suggestions on keeping ChromeDriver safe.
ChromeDriver was started successfully.
Jul 16, 2023 4:58:56 PM org.openqa.selenium.devtools.CdpVersionFinder findNearestMatch
WARNING: Unable to find an exact match for CDP version 114, so returning the closest version found: 111
log4j:WARN Continuable parsing error 3 and column 84
log4j:WARN Attribute "xmlns:log4j" with value "https://jakarta.apache.org/log4j/" must have a value of "http://jakarta.apache.org/log4j/".
log4j:WARN Continuable parsing error 3 and column 84
log4j:WARN Attribute "xmlns:log4j" with value "https://jakarta.apache.org/log4j/" must have a value of "http://jakarta.apache.org/log4j/".
Jul 16, 2023 4:59:33 PM org.openqa.selenium.remote.http.WebSocket$Listener onError
WARNING: Connection reset
java.net.SocketException: Connection reset
	at java.base/sun.nio.ch.SocketChannelImpl.throwConnectionReset(SocketChannelImpl.java:401)
	at java.base/sun.nio.ch.SocketChannelImpl.read(SocketChannelImpl.java:434)
	at io.netty.buffer.PooledByteBuf.setBytes(PooledByteBuf.java:256)
	at io.netty.buffer.AbstractByteBuf.writeBytes(AbstractByteBuf.java:1132)
	at io.netty.channel.socket.nio.NioSocketChannel.doReadBytes(NioSocketChannel.java:357)
	at io.netty.channel.nio.AbstractNioByteChannel$NioByteUnsafe.read(AbstractNioByteChannel.java:151)
	at io.netty.channel.nio.NioEventLoop.processSelectedKey(NioEventLoop.java:788)
	at io.netty.channel.nio.NioEventLoop.processSelectedKeysOptimized(NioEventLoop.java:724)
	at io.netty.channel.nio.NioEventLoop.processSelectedKeys(NioEventLoop.java:650)
	at io.netty.channel.nio.NioEventLoop.run(NioEventLoop.java:562)
	at io.netty.util.concurrent.SingleThreadEventExecutor$4.run(SingleThreadEventExecutor.java:997)
	at io.netty.util.internal.ThreadExecutorMap$2.run(ThreadExecutorMap.java:74)
	at io.netty.util.concurrent.FastThreadLocalRunnable.run(FastThreadLocalRunnable.java:30)
	at java.base/java.lang.Thread.run(Thread.java:1589)

]]></system-err>
  </testcase>
</testsuite>